<?xml version="1.0" encoding="UTF-8"?>
<testsuite name="demowebshop.DemoWebShopTests" tests="4" skipped="0" failures="0" errors="0" timestamp="2022-11-07T11:54:06" hostname="Anastasias-MacBook-Pro.local" time="30.562">
  <properties/>
  <testcase name="User registration UI Page Object tests" classname="demowebshop.DemoWebShopTests" time="13.474"/>
  <testcase name="Edit user account API+UI lambda step tests" classname="demowebshop.DemoWebShopTests" time="11.726"/>
  <testcase name="Add to shopping cart API test" classname="demowebshop.DemoWebShopTests" time="1.9"/>
  <testcase name="Successfully authorized user API+UI test" classname="demowebshop.DemoWebShopTests" time="3.353"/>
  <system-out><![CDATA[Request method:	POST
Request URI:	http://demowebshop.tricentis.com/login
Proxy:			<none>
Request params:	<none>
Query params:	<none>
Form params:	Email=testAna@example.com
				Password=123456
Path params:	<none>
Headers:		Accept=*/*
				Content-Type=application/x-www-form-urlencoded; charset=UTF-8
Cookies:		<none>
Multiparts:		<none>
Body:			<none>
HTTP/1.1 302 Found
Content-Length: 118
Content-Type: text/html; charset=utf-8
Date: Mon, 07 Nov 2022 11:54:23 GMT
Server: Microsoft-IIS/10.0
Cache-Control: private
Location: /
Set-Cookie: Nop.customer=032430d5-9ccf-48c1-adea-f8f0132bafac; expires=Tue, 07-Nov-2023 11:54:24 GMT; path=/; HttpOnly
Set-Cookie: NOPCOMMERCE.AUTH=1046E98A1DC3096B6072F72A68C7EF90D2202BE9A5BA5D2FF2BAB0F1DDC9B25B3B8D4922F1B0BC42BBB31F80C965324BA89967173970AAF0800F84EC52A5898F07F4573FAEB6558E277306C9D9967D62F93884203D02363DB0BC1E747BF2A3E92448A6C5EB0593C187EDFF96E630B62E529C02596E5C267384AA11D2662F30A1705A9FB5FA5F7943757760BAD66C3F77DE30AE99BCE8D9A6879E2021B6E7D8A5; path=/; HttpOnly
Set-Cookie: ARRAffinity=754c43f3fb666b4689fd8452291c08520e941e1737ad17b31babd87059cc27ae;Path=/;HttpOnly;Domain=demowebshop.tricentis.com
X-AspNetMvc-Version: 5.2
X-AspNet-Version: 4.0.30319
X-Powered-By: ASP.NET

<html>
  <head>
    <title>Object moved</title>
  </head>
  <body>
    <h2>
Object moved to       <a shape="rect" href="/">here</a>
.    </h2>
  </body>
</html>
Request method:	POST
Request URI:	http://demowebshop.tricentis.com/addproducttocart/details/13/1
Proxy:			<none>
Request params:	<none>
Query params:	<none>
Form params:	<none>
Path params:	<none>
Headers:		Accept=*/*
				Content-Type=application/x-www-form-urlencoded; charset=UTF-8
Cookies:		Nop.customer=c41f50fe-b033-4922-ac6c-f458006014dc;=null
Multiparts:		<none>
Body:
addtocart_13.EnteredQuantity=1
HTTP/1.1 200 OK
Content-Length: 782
Content-Type: application/json; charset=utf-8
Date: Mon, 07 Nov 2022 11:54:34 GMT
Server: Microsoft-IIS/10.0
Cache-Control: private
Content-Encoding: gzip
Set-Cookie: Nop.customer=dd7596e6-a8e8-4dd2-9268-11341e09e535; expires=Tue, 07-Nov-2023 11:54:34 GMT; path=/; HttpOnly
Set-Cookie: ARRAffinity=754c43f3fb666b4689fd8452291c08520e941e1737ad17b31babd87059cc27ae;Path=/;HttpOnly;Domain=demowebshop.tricentis.com
Vary: Accept-Encoding
X-AspNetMvc-Version: 5.2
X-AspNet-Version: 4.0.30319
X-Powered-By: ASP.NET

{
    "success": true,
    "message": "The product has been added to your <a href=\"/cart\">shopping cart</a>",
    "updatetopcartsectionhtml": "(1)",
    "updateflyoutcartsectionhtml": "<div id=\"flyout-cart\" class=\"flyout-cart\">\r\n    <div class=\"mini-shopping-cart\">\r\n        <div class=\"count\">\r\nThere are <a href=\"/cart\" class=\"items\">1 item(s)</a> in your cart.        </div>\r\n            <div class=\"items\">\r\n                    <div class=\"item first\">\r\n                            <div class=\"picture\">\r\n                                <a href=\"/computing-and-internet\" title=\"Show details for Computing and Internet\">\r\n                                    <img alt=\"Picture of Computing and Internet\" src=\"http://demowebshop.tricentis.com/content/images/thumbs/0000130_computing-and-internet_47.jpeg\" title=\"Show details for Computing and Internet\" />\r\n                                </a>\r\n                            </div>\r\n                        <div class=\"product\">\r\n                            <div class=\"name\">\r\n                                <a href=\"/computing-and-internet\">Computing and Internet</a>\r\n                            </div>\r\n                            <div class=\"price\">Unit price: <span>10.00</span></div>\r\n                            <div class=\"quantity\">Quantity: <span>1</span></div>\r\n                        </div>\r\n                    </div>\r\n            </div>\r\n            <div class=\"totals\">Sub-Total: <strong>10.00</strong></div>\r\n            <div class=\"buttons\">\r\n                    <input type=\"button\" value=\"Go to cart\" class=\"button-1 cart-button\" onclick=\"setLocation('/cart')\" />\r\n                            </div>\r\n    </div>\r\n</div>\r\n"
}
Request method:	POST
Request URI:	http://demowebshop.tricentis.com/login
Proxy:			<none>
Request params:	<none>
Query params:	<none>
Form params:	Email=testAna@example.com
				Password=123456
Path params:	<none>
Headers:		Accept=*/*
				Content-Type=application/x-www-form-urlencoded; charset=UTF-8
Cookies:		<none>
Multiparts:		<none>
Body:			<none>
HTTP/1.1 302 Found
Content-Length: 118
Content-Type: text/html; charset=utf-8
Date: Mon, 07 Nov 2022 11:54:36 GMT
Server: Microsoft-IIS/10.0
Cache-Control: private
Location: /
Set-Cookie: Nop.customer=5715a349-6246-4d86-b0fd-92c78ca19f20; expires=Tue, 07-Nov-2023 11:54:36 GMT; path=/; HttpOnly
Set-Cookie: NOPCOMMERCE.AUTH=78CAC7C850376BD185DB906DFB63F6BD6ECE4D1A1DCEE5C9F3E5BCDF5EE2726CCBC2B6A7D48460AC779B3ED03B49D17DE65B81D102D1F2A0B31CE20815DCCD4C2C35EDAA8C427FDDA98DAB751676B4D32978DA5FEB302C331BD6AC3984CAFA3D3F9D4D06B8BC9A26C20D49E123145A50E6D461EBF9165E69317A3316F83831FCA754463C31037E62447C807DECE8896D677771CE1854093A0B31BA7859E59964; path=/; HttpOnly
Set-Cookie: ARRAffinity=754c43f3fb666b4689fd8452291c08520e941e1737ad17b31babd87059cc27ae;Path=/;HttpOnly;Domain=demowebshop.tricentis.com
X-AspNetMvc-Version: 5.2
X-AspNet-Version: 4.0.30319
X-Powered-By: ASP.NET

<html>
  <head>
    <title>Object moved</title>
  </head>
  <body>
    <h2>
Object moved to       <a shape="rect" href="/">here</a>
.    </h2>
  </body>
</html>
]]></system-out>
  <system-err><![CDATA[[Test worker] INFO com.codeborne.selenide.impl.WebDriverThreadLocalContainer - No webdriver is bound to current thread: 1 - let's create a new webdriver
Nov 07, 2022 12:54:13 PM org.openqa.selenium.remote.ProtocolHandshake createSession
INFO: Detected dialect: W3C
[Test worker] INFO com.codeborne.selenide.webdriver.BrowserResizer - Set browser size to 1800x900
[Test worker] INFO com.codeborne.selenide.webdriver.WebDriverFactory - BrowserName=chrome Version=100.0.4896.60 Platform=LINUX
[Test worker] INFO com.codeborne.selenide.webdriver.WebDriverFactory - Selenide v. 6.5.0
[Test worker] INFO com.codeborne.selenide.webdriver.WebDriverFactory - Selenium WebDriver v. 4.1.4 build revision: 535d840ee2
[Test worker] INFO com.codeborne.selenide.drivercommands.CreateDriverCommand - Created webdriver in thread 1: RemoteWebDriver -> RemoteWebDriver: chrome on LINUX (10dcf1e0b4a69f69b5e59c721ab762da)
[Test worker] INFO com.codeborne.selenide.impl.WebDriverThreadLocalContainer - Browser and proxy will stay open due to holdBrowserOpen=true: 1 -> RemoteWebDriver: chrome on LINUX (10dcf1e0b4a69f69b5e59c721ab762da), null
]]></system-err>
</testsuite>
